Dez 16, 2014 1:23:54 PM org.apache.catalina.core.AprLifecycleListener init
INFO: Loaded APR based Apache Tomcat Native library 1.1.32 using APR version 1.5.1.
Dez 16, 2014 1:23:54 PM org.apache.catalina.core.AprLifecycleListener init
INFO: APR capabilities: IPv6 [true], sendfile [true], accept filters [false], random [true].
Dez 16, 2014 1:23:55 PM org.apache.catalina.core.AprLifecycleListener initializeSSL
INFO: OpenSSL successfully initialized with version OpenSSL 1.0.1j 15 Oct 2014
Dez 16, 2014 1:23:55 PM org.apache.coyote.http11.Http11AprProtocol init
INFO: Initializing Coyote HTTP/1.1 on http-8080
Dez 16, 2014 1:23:55 PM org.apache.coyote.ajp.AjpAprProtocol init
INFO: Initializing Coyote AJP/1.3 on ajp-8009
Dez 16, 2014 1:23:55 PM org.apache.catalina.startup.Catalina load
INFO: Initialization processed in 1448 ms
Dez 16, 2014 1:23:55 PM org.apache.catalina.core.StandardService start
INFO: Starting service Catalina
Dez 16, 2014 1:23:55 PM org.apache.catalina.core.StandardEngine start
INFO: Starting Servlet Engine: Apache Tomcat/6.0.43
Dez 16, 2014 1:23:55 PM org.apache.catalina.startup.HostConfig deployDescriptor
INFO: Deploying configuration descriptor host-manager.xml
Dez 16, 2014 1:23:56 PM org.apache.catalina.startup.HostConfig deployDescriptor
INFO: Deploying configuration descriptor manager.xml
Dez 16, 2014 1:23:56 PM org.apache.catalina.startup.HostConfig deployDirectory
INFO: Deploying web application directory docs
Dez 16, 2014 1:23:56 PM org.apache.catalina.startup.HostConfig deployDirectory
INFO: Deploying web application directory examples
Dez 16, 2014 1:23:56 PM org.apache.catalina.core.StandardContext start
SEVERE: Error listenerStart
Dez 16, 2014 1:23:56 PM org.apache.catalina.core.StandardContext start
SEVERE: Context [/examples] startup failed due to previous errors
Dez 16, 2014 1:23:56 PM org.apache.catalina.startup.HostConfig deployDirectory
INFO: Deploying web application directory kibana-3.1.2
Dez 16, 2014 1:23:56 PM org.apache.catalina.startup.HostConfig deployDirectory
INFO: Deploying web application directory ROOT
Dez 16, 2014 1:23:56 PM org.apache.coyote.http11.Http11AprProtocol start
INFO: Starting Coyote HTTP/1.1 on http-8080
Dez 16, 2014 1:23:56 PM org.apache.coyote.ajp.AjpAprProtocol start
INFO: Starting Coyote AJP/1.3 on ajp-8009
Dez 16, 2014 1:23:56 PM org.apache.catalina.startup.Catalina start
INFO: Server startup in 535 ms
Dez 16, 2014 2:47:44 PM org.apache.catalina.core.AprLifecycleListener init
INFO: Loaded APR based Apache Tomcat Native library 1.1.32 using APR version 1.5.1.
Dez 16, 2014 2:47:44 PM org.apache.catalina.core.AprLifecycleListener init
INFO: APR capabilities: IPv6 [true], sendfile [true], accept filters [false], random [true].
Dez 16, 2014 2:47:45 PM org.apache.catalina.core.AprLifecycleListener initializeSSL
INFO: OpenSSL successfully initialized with version OpenSSL 1.0.1j 15 Oct 2014
Dez 16, 2014 2:47:45 PM org.apache.coyote.http11.Http11AprProtocol init
INFO: Initializing Coyote HTTP/1.1 on http-8080
Dez 16, 2014 2:47:45 PM org.apache.coyote.ajp.AjpAprProtocol init
INFO: Initializing Coyote AJP/1.3 on ajp-8009
Dez 16, 2014 2:47:45 PM org.apache.catalina.startup.Catalina load
INFO: Initialization processed in 1314 ms
Dez 16, 2014 2:47:45 PM org.apache.catalina.core.StandardService start
INFO: Starting service Catalina
Dez 16, 2014 2:47:45 PM org.apache.catalina.core.StandardEngine start
INFO: Starting Servlet Engine: Apache Tomcat/6.0.43
Dez 16, 2014 2:47:45 PM org.apache.catalina.startup.HostConfig deployDescriptor
INFO: Deploying configuration descriptor host-manager.xml
Dez 16, 2014 2:47:45 PM org.apache.catalina.startup.HostConfig deployDescriptor
INFO: Deploying configuration descriptor manager.xml
Dez 16, 2014 2:47:45 PM org.apache.catalina.startup.HostConfig deployDirectory
INFO: Deploying web application directory docs
Dez 16, 2014 2:47:45 PM org.apache.catalina.startup.HostConfig deployDirectory
INFO: Deploying web application directory examples
Dez 16, 2014 2:47:45 PM org.apache.catalina.core.StandardContext start
SEVERE: Error listenerStart
Dez 16, 2014 2:47:45 PM org.apache.catalina.core.StandardContext start
SEVERE: Context [/examples] startup failed due to previous errors
Dez 16, 2014 2:47:45 PM org.apache.catalina.startup.HostConfig deployDirectory
INFO: Deploying web application directory kibana-3.1.2
Dez 16, 2014 2:47:45 PM org.apache.catalina.startup.HostConfig deployDirectory
INFO: Deploying web application directory ROOT
Dez 16, 2014 2:47:45 PM org.apache.coyote.http11.Http11AprProtocol start
INFO: Starting Coyote HTTP/1.1 on http-8080
Dez 16, 2014 2:47:45 PM org.apache.coyote.ajp.AjpAprProtocol start
INFO: Starting Coyote AJP/1.3 on ajp-8009
Dez 16, 2014 2:47:45 PM org.apache.catalina.startup.Catalina start
INFO: Server startup in 446 ms
Dez 16, 2014 2:55:53 PM org.apache.catalina.core.AprLifecycleListener init
INFO: Loaded APR based Apache Tomcat Native library 1.1.32 using APR version 1.5.1.
Dez 16, 2014 2:55:53 PM org.apache.catalina.core.AprLifecycleListener init
INFO: APR capabilities: IPv6 [true], sendfile [true], accept filters [false], random [true].
Dez 16, 2014 2:55:54 PM org.apache.catalina.core.AprLifecycleListener initializeSSL
INFO: OpenSSL successfully initialized with version OpenSSL 1.0.1j 15 Oct 2014
Dez 16, 2014 2:55:54 PM org.apache.coyote.http11.Http11AprProtocol init
INFO: Initializing Coyote HTTP/1.1 on http-8080
Dez 16, 2014 2:55:54 PM org.apache.coyote.ajp.AjpAprProtocol init
INFO: Initializing Coyote AJP/1.3 on ajp-8009
Dez 16, 2014 2:55:54 PM org.apache.catalina.startup.Catalina load
INFO: Initialization processed in 1304 ms
Dez 16, 2014 2:55:54 PM org.apache.catalina.core.StandardService start
INFO: Starting service Catalina
Dez 16, 2014 2:55:54 PM org.apache.catalina.core.StandardEngine start
INFO: Starting Servlet Engine: Apache Tomcat/6.0.43
Dez 16, 2014 2:55:54 PM org.apache.catalina.startup.HostConfig deployDescriptor
INFO: Deploying configuration descriptor host-manager.xml
Dez 16, 2014 2:55:54 PM org.apache.catalina.startup.HostConfig deployDescriptor
INFO: Deploying configuration descriptor manager.xml
Dez 16, 2014 2:55:54 PM org.apache.catalina.startup.HostConfig deployDirectory
INFO: Deploying web application directory docs
Dez 16, 2014 2:55:54 PM org.apache.catalina.startup.HostConfig deployDirectory
INFO: Deploying web application directory examples
Dez 16, 2014 2:55:54 PM org.apache.catalina.core.StandardContext start
SEVERE: Error listenerStart
Dez 16, 2014 2:55:54 PM org.apache.catalina.core.StandardContext start
SEVERE: Context [/examples] startup failed due to previous errors
Dez 16, 2014 2:55:54 PM org.apache.catalina.startup.HostConfig deployDirectory
INFO: Deploying web application directory kibana-3.1.2
Dez 16, 2014 2:55:54 PM org.apache.catalina.startup.HostConfig deployDirectory
INFO: Deploying web application directory ROOT
Dez 16, 2014 2:55:54 PM org.apache.coyote.http11.Http11AprProtocol start
INFO: Starting Coyote HTTP/1.1 on http-8080
Dez 16, 2014 2:55:54 PM org.apache.coyote.ajp.AjpAprProtocol start
INFO: Starting Coyote AJP/1.3 on ajp-8009
Dez 16, 2014 2:55:54 PM org.apache.catalina.startup.Catalina start
INFO: Server startup in 438 ms
Dez 16, 2014 3:03:04 PM org.apache.catalina.core.AprLifecycleListener init
INFO: Loaded APR based Apache Tomcat Native library 1.1.32 using APR version 1.5.1.
Dez 16, 2014 3:03:04 PM org.apache.catalina.core.AprLifecycleListener init
INFO: APR capabilities: IPv6 [true], sendfile [true], accept filters [false], random [true].
Dez 16, 2014 3:03:05 PM org.apache.catalina.core.AprLifecycleListener initializeSSL
INFO: OpenSSL successfully initialized with version OpenSSL 1.0.1j 15 Oct 2014
Dez 16, 2014 3:03:05 PM org.apache.coyote.http11.Http11AprProtocol init
INFO: Initializing Coyote HTTP/1.1 on http-8080
Dez 16, 2014 3:03:05 PM org.apache.coyote.ajp.AjpAprProtocol init
INFO: Initializing Coyote AJP/1.3 on ajp-8009
Dez 16, 2014 3:03:05 PM org.apache.catalina.startup.Catalina load
INFO: Initialization processed in 1298 ms
Dez 16, 2014 3:03:05 PM org.apache.catalina.core.StandardService start
INFO: Starting service Catalina
Dez 16, 2014 3:03:05 PM org.apache.catalina.core.StandardEngine start
INFO: Starting Servlet Engine: Apache Tomcat/6.0.43
Dez 16, 2014 3:03:05 PM org.apache.catalina.startup.HostConfig deployDescriptor
INFO: Deploying configuration descriptor host-manager.xml
Dez 16, 2014 3:03:05 PM org.apache.catalina.startup.HostConfig deployDescriptor
INFO: Deploying configuration descriptor manager.xml
Dez 16, 2014 3:03:05 PM org.apache.catalina.startup.HostConfig deployDirectory
INFO: Deploying web application directory docs
Dez 16, 2014 3:03:05 PM org.apache.catalina.startup.HostConfig deployDirectory
INFO: Deploying web application directory examples
Dez 16, 2014 3:03:05 PM org.apache.catalina.core.StandardContext start
SEVERE: Error listenerStart
Dez 16, 2014 3:03:05 PM org.apache.catalina.core.StandardContext start
SEVERE: Context [/examples] startup failed due to previous errors
Dez 16, 2014 3:03:05 PM org.apache.catalina.startup.HostConfig deployDirectory
INFO: Deploying web application directory kibana-3.1.2
Dez 16, 2014 3:03:05 PM org.apache.catalina.startup.HostConfig deployDirectory
INFO: Deploying web application directory ROOT
Dez 16, 2014 3:03:05 PM org.apache.coyote.http11.Http11AprProtocol start
INFO: Starting Coyote HTTP/1.1 on http-8080
Dez 16, 2014 3:03:05 PM org.apache.coyote.ajp.AjpAprProtocol start
INFO: Starting Coyote AJP/1.3 on ajp-8009
Dez 16, 2014 3:03:05 PM org.apache.catalina.startup.Catalina start
INFO: Server startup in 447 ms
Dez 16, 2014 3:19:45 PM org.apache.catalina.core.AprLifecycleListener init
INFO: Loaded APR based Apache Tomcat Native library 1.1.32 using APR version 1.5.1.
Dez 16, 2014 3:19:45 PM org.apache.catalina.core.AprLifecycleListener init
INFO: APR capabilities: IPv6 [true], sendfile [true], accept filters [false], random [true].
Dez 16, 2014 3:19:46 PM org.apache.catalina.core.AprLifecycleListener initializeSSL
INFO: OpenSSL successfully initialized with version OpenSSL 1.0.1j 15 Oct 2014
Dez 16, 2014 3:19:46 PM org.apache.coyote.http11.Http11AprProtocol init
INFO: Initializing Coyote HTTP/1.1 on http-8080
Dez 16, 2014 3:19:46 PM org.apache.coyote.ajp.AjpAprProtocol init
INFO: Initializing Coyote AJP/1.3 on ajp-8009
Dez 16, 2014 3:19:46 PM org.apache.catalina.startup.Catalina load
INFO: Initialization processed in 1285 ms
Dez 16, 2014 3:19:46 PM org.apache.catalina.core.StandardService start
INFO: Starting service Catalina
Dez 16, 2014 3:19:46 PM org.apache.catalina.core.StandardEngine start
INFO: Starting Servlet Engine: Apache Tomcat/6.0.43
Dez 16, 2014 3:19:46 PM org.apache.catalina.startup.HostConfig deployDescriptor
INFO: Deploying configuration descriptor host-manager.xml
Dez 16, 2014 3:19:46 PM org.apache.catalina.startup.HostConfig deployDescriptor
INFO: Deploying configuration descriptor manager.xml
Dez 16, 2014 3:19:46 PM org.apache.catalina.startup.HostConfig deployDirectory
INFO: Deploying web application directory docs
Dez 16, 2014 3:19:46 PM org.apache.catalina.startup.HostConfig deployDirectory
INFO: Deploying web application directory examples
Dez 16, 2014 3:19:47 PM org.apache.catalina.core.StandardContext start
SEVERE: Error listenerStart
Dez 16, 2014 3:19:47 PM org.apache.catalina.core.StandardContext start
SEVERE: Context [/examples] startup failed due to previous errors
Dez 16, 2014 3:19:47 PM org.apache.catalina.startup.HostConfig deployDirectory
INFO: Deploying web application directory kibana-3.1.2
Dez 16, 2014 3:19:47 PM org.apache.catalina.startup.HostConfig deployDirectory
INFO: Deploying web application directory ROOT
Dez 16, 2014 3:19:47 PM org.apache.coyote.http11.Http11AprProtocol start
INFO: Starting Coyote HTTP/1.1 on http-8080
Dez 16, 2014 3:19:47 PM org.apache.coyote.ajp.AjpAprProtocol start
INFO: Starting Coyote AJP/1.3 on ajp-8009
Dez 16, 2014 3:19:47 PM org.apache.catalina.startup.Catalina start
INFO: Server startup in 450 ms
